<?xml version="1.0" encoding="UTF-8"?>
<testsuite name="com.kodilla.spring.ForumUserTestSuite" tests="1" skipped="0" failures="0" errors="0" timestamp="2019-05-29T13:27:46" hostname="DESKTOP-9H1DPLC" time="0.026">
  <properties/>
  <testcase name="testGetUserName" classname="com.kodilla.spring.ForumUserTestSuite" time="0.026"/>
  <system-out><![CDATA[2019-05-29 15:27:46.325  INFO 5392 --- [    Test worker] .b.t.c.SpringBootTestContextBootstrapper : Neither @ContextConfiguration nor @ContextHierarchy found for test class [com.kodilla.spring.ForumUserTestSuite], using SpringBootContextLoader
2019-05-29 15:27:46.327  INFO 5392 --- [    Test worker] o.s.t.c.support.AbstractContextLoader    : Could not detect default resource locations for test class [com.kodilla.spring.ForumUserTestSuite]: no resource found for suffixes {-context.xml, Context.groovy}.
2019-05-29 15:27:46.331  INFO 5392 --- [    Test worker] t.c.s.AnnotationConfigContextLoaderUtils : Could not detect default configuration classes for test class [com.kodilla.spring.ForumUserTestSuite]: ForumUserTestSuite does not declare any static, non-private, non-final, nested classes annotated with @Configuration.
2019-05-29 15:27:46.351  INFO 5392 --- [    Test worker] .b.t.c.SpringBootTestContextBootstrapper : Found @SpringBootConfiguration com.kodilla.spring.SpringRunner for test class com.kodilla.spring.ForumUserTestSuite
2019-05-29 15:27:46.355  INFO 5392 --- [    Test worker] .b.t.c.SpringBootTestContextBootstrapper : Loaded default TestExecutionListener class names from location [META-INF/spring.factories]: [org.springframework.boot.test.autoconfigure.restdocs.RestDocsTestExecutionListener, org.springframework.boot.test.autoconfigure.web.client.MockRestServiceServerResetTestExecutionListener, org.springframework.boot.test.autoconfigure.web.servlet.MockMvcPrintOnlyOnFailureTestExecutionListener, org.springframework.boot.test.autoconfigure.web.servlet.WebDriverTestExecutionListener, org.springframework.boot.test.mock.mockito.MockitoTestExecutionListener, org.springframework.boot.test.mock.mockito.ResetMocksTestExecutionListener, org.springframework.test.context.web.ServletTestExecutionListener, org.springframework.test.context.support.DirtiesContextBeforeModesTestExecutionListener, org.springframework.test.context.support.DependencyInjectionTestExecutionListener, org.springframework.test.context.support.DirtiesContextTestExecutionListener, org.springframework.test.context.transaction.TransactionalTestExecutionListener, org.springframework.test.context.jdbc.SqlScriptsTestExecutionListener]
2019-05-29 15:27:46.358  INFO 5392 --- [    Test worker] .b.t.c.SpringBootTestContextBootstrapper : Using TestExecutionListeners: [org.springframework.test.context.support.DirtiesContextBeforeModesTestExecutionListener@c8b9fe0, org.springframework.boot.test.mock.mockito.MockitoTestExecutionListener@35a22827, org.springframework.boot.test.autoconfigure.SpringBootDependencyInjectionTestExecutionListener@7b502b8c, org.springframework.test.context.support.DirtiesContextTestExecutionListener@4b9d905d, org.springframework.boot.test.autoconfigure.restdocs.RestDocsTestExecutionListener@1bb96251, org.springframework.boot.test.autoconfigure.web.client.MockRestServiceServerResetTestExecutionListener@3f7e8211, org.springframework.boot.test.autoconfigure.web.servlet.MockMvcPrintOnlyOnFailureTestExecutionListener@4508d239, org.springframework.boot.test.autoconfigure.web.servlet.WebDriverTestExecutionListener@6230adbd, org.springframework.boot.test.mock.mockito.ResetMocksTestExecutionListener@32cbf040]
]]></system-out>
  <system-err><![CDATA[]]></system-err>
</testsuite>
