<?xml version="1.0" encoding="UTF-8"?>
<testsuite name="com.kodilla.testing.collection.CollectionTestSuite" tests="2" skipped="0" failures="0" errors="0" timestamp="2019-04-23T12:42:13" hostname="DESKTOP-9H1DPLC" time="0.046">
  <properties/>
  <testcase name="testOddNumbersExterminatorEmptyList" classname="com.kodilla.testing.collection.CollectionTestSuite" time="0.012"/>
  <testcase name="testOddNumbersExterminatorNormalList" classname="com.kodilla.testing.collection.CollectionTestSuite" time="0.033"/>
  <system-out><![CDATA[Test Case: BEGIN
Testing list: []
Test Case: END
Test Case: BEGIN
The normal list testing: [56]
The normal list testing: [56]
The normal list testing: [56, 30]
The normal list testing: [56, 30, 50]
The normal list testing: [56, 30, 50, 72]
The normal list testing: [56, 30, 50, 72, 20]
The normal list testing: [56, 30, 50, 72, 20, 4]
The normal list testing: [56, 30, 50, 72, 20, 4, 34]
The normal list testing: [56, 30, 50, 72, 20, 4, 34, 74]
The normal list testing: [56, 30, 50, 72, 20, 4, 34, 74, 74]
The normal list testing: [56, 30, 50, 72, 20, 4, 34, 74, 74]
The normal list testing: [56, 30, 50, 72, 20, 4, 34, 74, 74]
The normal list testing: [56, 30, 50, 72, 20, 4, 34, 74, 74]
The normal list testing: [56, 30, 50, 72, 20, 4, 34, 74, 74, 26]
The normal list testing: [56, 30, 50, 72, 20, 4, 34, 74, 74, 26, 2]
The normal list testing: [56, 30, 50, 72, 20, 4, 34, 74, 74, 26, 2, 76]
The normal list testing: [56, 30, 50, 72, 20, 4, 34, 74, 74, 26, 2, 76, 36]
The normal list testing: [56, 30, 50, 72, 20, 4, 34, 74, 74, 26, 2, 76, 36, 18]
The normal list testing: [56, 30, 50, 72, 20, 4, 34, 74, 74, 26, 2, 76, 36, 18]
The normal list testing: [56, 30, 50, 72, 20, 4, 34, 74, 74, 26, 2, 76, 36, 18]
The normal list testing: [56, 30, 50, 72, 20, 4, 34, 74, 74, 26, 2, 76, 36, 18]
The normal list testing: [56, 30, 50, 72, 20, 4, 34, 74, 74, 26, 2, 76, 36, 18, 46]
The normal list testing: [56, 30, 50, 72, 20, 4, 34, 74, 74, 26, 2, 76, 36, 18, 46]
The normal list testing: [56, 30, 50, 72, 20, 4, 34, 74, 74, 26, 2, 76, 36, 18, 46, 62]
The normal list testing: [56, 30, 50, 72, 20, 4, 34, 74, 74, 26, 2, 76, 36, 18, 46, 62, 34]
The normal list testing: [56, 30, 50, 72, 20, 4, 34, 74, 74, 26, 2, 76, 36, 18, 46, 62, 34, 74]
The normal list testing: [56, 30, 50, 72, 20, 4, 34, 74, 74, 26, 2, 76, 36, 18, 46, 62, 34, 74]
The normal list testing: [56, 30, 50, 72, 20, 4, 34, 74, 74, 26, 2, 76, 36, 18, 46, 62, 34, 74]
The normal list testing: [56, 30, 50, 72, 20, 4, 34, 74, 74, 26, 2, 76, 36, 18, 46, 62, 34, 74, 34]
The normal list testing: [56, 30, 50, 72, 20, 4, 34, 74, 74, 26, 2, 76, 36, 18, 46, 62, 34, 74, 34, 2]
The normal list testing: [56, 30, 50, 72, 20, 4, 34, 74, 74, 26, 2, 76, 36, 18, 46, 62, 34, 74, 34, 2]
The normal list testing: [56, 30, 50, 72, 20, 4, 34, 74, 74, 26, 2, 76, 36, 18, 46, 62, 34, 74, 34, 2, 32]
The normal list testing: [56, 30, 50, 72, 20, 4, 34, 74, 74, 26, 2, 76, 36, 18, 46, 62, 34, 74, 34, 2, 32, 18]
The normal list testing: [56, 30, 50, 72, 20, 4, 34, 74, 74, 26, 2, 76, 36, 18, 46, 62, 34, 74, 34, 2, 32, 18]
The normal list testing: [56, 30, 50, 72, 20, 4, 34, 74, 74, 26, 2, 76, 36, 18, 46, 62, 34, 74, 34, 2, 32, 18, 56]
The normal list testing: [56, 30, 50, 72, 20, 4, 34, 74, 74, 26, 2, 76, 36, 18, 46, 62, 34, 74, 34, 2, 32, 18, 56, 62]
The normal list testing: [56, 30, 50, 72, 20, 4, 34, 74, 74, 26, 2, 76, 36, 18, 46, 62, 34, 74, 34, 2, 32, 18, 56, 62]
The normal list testing: [56, 30, 50, 72, 20, 4, 34, 74, 74, 26, 2, 76, 36, 18, 46, 62, 34, 74, 34, 2, 32, 18, 56, 62]
The normal list testing: [56, 30, 50, 72, 20, 4, 34, 74, 74, 26, 2, 76, 36, 18, 46, 62, 34, 74, 34, 2, 32, 18, 56, 62]
The normal list testing: [56, 30, 50, 72, 20, 4, 34, 74, 74, 26, 2, 76, 36, 18, 46, 62, 34, 74, 34, 2, 32, 18, 56, 62, 56]
The normal list testing: [56, 30, 50, 72, 20, 4, 34, 74, 74, 26, 2, 76, 36, 18, 46, 62, 34, 74, 34, 2, 32, 18, 56, 62, 56]
The normal list testing: [56, 30, 50, 72, 20, 4, 34, 74, 74, 26, 2, 76, 36, 18, 46, 62, 34, 74, 34, 2, 32, 18, 56, 62, 56]
The normal list testing: [56, 30, 50, 72, 20, 4, 34, 74, 74, 26, 2, 76, 36, 18, 46, 62, 34, 74, 34, 2, 32, 18, 56, 62, 56]
The normal list testing: [56, 30, 50, 72, 20, 4, 34, 74, 74, 26, 2, 76, 36, 18, 46, 62, 34, 74, 34, 2, 32, 18, 56, 62, 56, 30]
The normal list testing: [56, 30, 50, 72, 20, 4, 34, 74, 74, 26, 2, 76, 36, 18, 46, 62, 34, 74, 34, 2, 32, 18, 56, 62, 56, 30]
The normal list testing: [56, 30, 50, 72, 20, 4, 34, 74, 74, 26, 2, 76, 36, 18, 46, 62, 34, 74, 34, 2, 32, 18, 56, 62, 56, 30, 52]
The normal list testing: [56, 30, 50, 72, 20, 4, 34, 74, 74, 26, 2, 76, 36, 18, 46, 62, 34, 74, 34, 2, 32, 18, 56, 62, 56, 30, 52, 24]
The normal list testing: [56, 30, 50, 72, 20, 4, 34, 74, 74, 26, 2, 76, 36, 18, 46, 62, 34, 74, 34, 2, 32, 18, 56, 62, 56, 30, 52, 24, 34]
The normal list testing: [56, 30, 50, 72, 20, 4, 34, 74, 74, 26, 2, 76, 36, 18, 46, 62, 34, 74, 34, 2, 32, 18, 56, 62, 56, 30, 52, 24, 34, 54]
The normal list testing: [56, 30, 50, 72, 20, 4, 34, 74, 74, 26, 2, 76, 36, 18, 46, 62, 34, 74, 34, 2, 32, 18, 56, 62, 56, 30, 52, 24, 34, 54, 70]
The normal list testing: [56, 30, 50, 72, 20, 4, 34, 74, 74, 26, 2, 76, 36, 18, 46, 62, 34, 74, 34, 2, 32, 18, 56, 62, 56, 30, 52, 24, 34, 54, 70, 40]
The normal list testing: [56, 30, 50, 72, 20, 4, 34, 74, 74, 26, 2, 76, 36, 18, 46, 62, 34, 74, 34, 2, 32, 18, 56, 62, 56, 30, 52, 24, 34, 54, 70, 40, 12]
The normal list testing: [56, 30, 50, 72, 20, 4, 34, 74, 74, 26, 2, 76, 36, 18, 46, 62, 34, 74, 34, 2, 32, 18, 56, 62, 56, 30, 52, 24, 34, 54, 70, 40, 12, 56]
The normal list testing: [56, 30, 50, 72, 20, 4, 34, 74, 74, 26, 2, 76, 36, 18, 46, 62, 34, 74, 34, 2, 32, 18, 56, 62, 56, 30, 52, 24, 34, 54, 70, 40, 12, 56]
The normal list testing: [56, 30, 50, 72, 20, 4, 34, 74, 74, 26, 2, 76, 36, 18, 46, 62, 34, 74, 34, 2, 32, 18, 56, 62, 56, 30, 52, 24, 34, 54, 70, 40, 12, 56, 48]
The normal list testing: [56, 30, 50, 72, 20, 4, 34, 74, 74, 26, 2, 76, 36, 18, 46, 62, 34, 74, 34, 2, 32, 18, 56, 62, 56, 30, 52, 24, 34, 54, 70, 40, 12, 56, 48]
The normal list testing: [56, 30, 50, 72, 20, 4, 34, 74, 74, 26, 2, 76, 36, 18, 46, 62, 34, 74, 34, 2, 32, 18, 56, 62, 56, 30, 52, 24, 34, 54, 70, 40, 12, 56, 48, 64]
The normal list testing: [56, 30, 50, 72, 20, 4, 34, 74, 74, 26, 2, 76, 36, 18, 46, 62, 34, 74, 34, 2, 32, 18, 56, 62, 56, 30, 52, 24, 34, 54, 70, 40, 12, 56, 48, 64]
The normal list testing: [56, 30, 50, 72, 20, 4, 34, 74, 74, 26, 2, 76, 36, 18, 46, 62, 34, 74, 34, 2, 32, 18, 56, 62, 56, 30, 52, 24, 34, 54, 70, 40, 12, 56, 48, 64]
The normal list testing: [56, 30, 50, 72, 20, 4, 34, 74, 74, 26, 2, 76, 36, 18, 46, 62, 34, 74, 34, 2, 32, 18, 56, 62, 56, 30, 52, 24, 34, 54, 70, 40, 12, 56, 48, 64, 12]
The normal list testing: [56, 30, 50, 72, 20, 4, 34, 74, 74, 26, 2, 76, 36, 18, 46, 62, 34, 74, 34, 2, 32, 18, 56, 62, 56, 30, 52, 24, 34, 54, 70, 40, 12, 56, 48, 64, 12, 38]
The normal list testing: [56, 30, 50, 72, 20, 4, 34, 74, 74, 26, 2, 76, 36, 18, 46, 62, 34, 74, 34, 2, 32, 18, 56, 62, 56, 30, 52, 24, 34, 54, 70, 40, 12, 56, 48, 64, 12, 38, 64]
The normal list testing: [56, 30, 50, 72, 20, 4, 34, 74, 74, 26, 2, 76, 36, 18, 46, 62, 34, 74, 34, 2, 32, 18, 56, 62, 56, 30, 52, 24, 34, 54, 70, 40, 12, 56, 48, 64, 12, 38, 64, 32]
The normal list testing: [56, 30, 50, 72, 20, 4, 34, 74, 74, 26, 2, 76, 36, 18, 46, 62, 34, 74, 34, 2, 32, 18, 56, 62, 56, 30, 52, 24, 34, 54, 70, 40, 12, 56, 48, 64, 12, 38, 64, 32]
The normal list testing: [56, 30, 50, 72, 20, 4, 34, 74, 74, 26, 2, 76, 36, 18, 46, 62, 34, 74, 34, 2, 32, 18, 56, 62, 56, 30, 52, 24, 34, 54, 70, 40, 12, 56, 48, 64, 12, 38, 64, 32]
The normal list testing: [56, 30, 50, 72, 20, 4, 34, 74, 74, 26, 2, 76, 36, 18, 46, 62, 34, 74, 34, 2, 32, 18, 56, 62, 56, 30, 52, 24, 34, 54, 70, 40, 12, 56, 48, 64, 12, 38, 64, 32, 4]
The normal list testing: [56, 30, 50, 72, 20, 4, 34, 74, 74, 26, 2, 76, 36, 18, 46, 62, 34, 74, 34, 2, 32, 18, 56, 62, 56, 30, 52, 24, 34, 54, 70, 40, 12, 56, 48, 64, 12, 38, 64, 32, 4]
The normal list testing: [56, 30, 50, 72, 20, 4, 34, 74, 74, 26, 2, 76, 36, 18, 46, 62, 34, 74, 34, 2, 32, 18, 56, 62, 56, 30, 52, 24, 34, 54, 70, 40, 12, 56, 48, 64, 12, 38, 64, 32, 4]
The normal list testing: [56, 30, 50, 72, 20, 4, 34, 74, 74, 26, 2, 76, 36, 18, 46, 62, 34, 74, 34, 2, 32, 18, 56, 62, 56, 30, 52, 24, 34, 54, 70, 40, 12, 56, 48, 64, 12, 38, 64, 32, 4, 76]
The normal list testing: [56, 30, 50, 72, 20, 4, 34, 74, 74, 26, 2, 76, 36, 18, 46, 62, 34, 74, 34, 2, 32, 18, 56, 62, 56, 30, 52, 24, 34, 54, 70, 40, 12, 56, 48, 64, 12, 38, 64, 32, 4, 76, 8]
The normal list testing: [56, 30, 50, 72, 20, 4, 34, 74, 74, 26, 2, 76, 36, 18, 46, 62, 34, 74, 34, 2, 32, 18, 56, 62, 56, 30, 52, 24, 34, 54, 70, 40, 12, 56, 48, 64, 12, 38, 64, 32, 4, 76, 8, 66]
The normal list testing: [56, 30, 50, 72, 20, 4, 34, 74, 74, 26, 2, 76, 36, 18, 46, 62, 34, 74, 34, 2, 32, 18, 56, 62, 56, 30, 52, 24, 34, 54, 70, 40, 12, 56, 48, 64, 12, 38, 64, 32, 4, 76, 8, 66, 34]
The normal list testing: [56, 30, 50, 72, 20, 4, 34, 74, 74, 26, 2, 76, 36, 18, 46, 62, 34, 74, 34, 2, 32, 18, 56, 62, 56, 30, 52, 24, 34, 54, 70, 40, 12, 56, 48, 64, 12, 38, 64, 32, 4, 76, 8, 66, 34, 14]
The normal list testing: [56, 30, 50, 72, 20, 4, 34, 74, 74, 26, 2, 76, 36, 18, 46, 62, 34, 74, 34, 2, 32, 18, 56, 62, 56, 30, 52, 24, 34, 54, 70, 40, 12, 56, 48, 64, 12, 38, 64, 32, 4, 76, 8, 66, 34, 14]
The normal list testing: [56, 30, 50, 72, 20, 4, 34, 74, 74, 26, 2, 76, 36, 18, 46, 62, 34, 74, 34, 2, 32, 18, 56, 62, 56, 30, 52, 24, 34, 54, 70, 40, 12, 56, 48, 64, 12, 38, 64, 32, 4, 76, 8, 66, 34, 14]
The normal list testing: [56, 30, 50, 72, 20, 4, 34, 74, 74, 26, 2, 76, 36, 18, 46, 62, 34, 74, 34, 2, 32, 18, 56, 62, 56, 30, 52, 24, 34, 54, 70, 40, 12, 56, 48, 64, 12, 38, 64, 32, 4, 76, 8, 66, 34, 14, 72]
The normal list testing: [56, 30, 50, 72, 20, 4, 34, 74, 74, 26, 2, 76, 36, 18, 46, 62, 34, 74, 34, 2, 32, 18, 56, 62, 56, 30, 52, 24, 34, 54, 70, 40, 12, 56, 48, 64, 12, 38, 64, 32, 4, 76, 8, 66, 34, 14, 72]
The normal list testing: [56, 30, 50, 72, 20, 4, 34, 74, 74, 26, 2, 76, 36, 18, 46, 62, 34, 74, 34, 2, 32, 18, 56, 62, 56, 30, 52, 24, 34, 54, 70, 40, 12, 56, 48, 64, 12, 38, 64, 32, 4, 76, 8, 66, 34, 14, 72]
The normal list testing: [56, 30, 50, 72, 20, 4, 34, 74, 74, 26, 2, 76, 36, 18, 46, 62, 34, 74, 34, 2, 32, 18, 56, 62, 56, 30, 52, 24, 34, 54, 70, 40, 12, 56, 48, 64, 12, 38, 64, 32, 4, 76, 8, 66, 34, 14, 72]
The normal list testing: [56, 30, 50, 72, 20, 4, 34, 74, 74, 26, 2, 76, 36, 18, 46, 62, 34, 74, 34, 2, 32, 18, 56, 62, 56, 30, 52, 24, 34, 54, 70, 40, 12, 56, 48, 64, 12, 38, 64, 32, 4, 76, 8, 66, 34, 14, 72, 26]
The normal list testing: [56, 30, 50, 72, 20, 4, 34, 74, 74, 26, 2, 76, 36, 18, 46, 62, 34, 74, 34, 2, 32, 18, 56, 62, 56, 30, 52, 24, 34, 54, 70, 40, 12, 56, 48, 64, 12, 38, 64, 32, 4, 76, 8, 66, 34, 14, 72, 26, 36]
The normal list testing: [56, 30, 50, 72, 20, 4, 34, 74, 74, 26, 2, 76, 36, 18, 46, 62, 34, 74, 34, 2, 32, 18, 56, 62, 56, 30, 52, 24, 34, 54, 70, 40, 12, 56, 48, 64, 12, 38, 64, 32, 4, 76, 8, 66, 34, 14, 72, 26, 36, 28]
The normal list testing: [56, 30, 50, 72, 20, 4, 34, 74, 74, 26, 2, 76, 36, 18, 46, 62, 34, 74, 34, 2, 32, 18, 56, 62, 56, 30, 52, 24, 34, 54, 70, 40, 12, 56, 48, 64, 12, 38, 64, 32, 4, 76, 8, 66, 34, 14, 72, 26, 36, 28]
The normal list testing: [56, 30, 50, 72, 20, 4, 34, 74, 74, 26, 2, 76, 36, 18, 46, 62, 34, 74, 34, 2, 32, 18, 56, 62, 56, 30, 52, 24, 34, 54, 70, 40, 12, 56, 48, 64, 12, 38, 64, 32, 4, 76, 8, 66, 34, 14, 72, 26, 36, 28]
The normal list testing: [56, 30, 50, 72, 20, 4, 34, 74, 74, 26, 2, 76, 36, 18, 46, 62, 34, 74, 34, 2, 32, 18, 56, 62, 56, 30, 52, 24, 34, 54, 70, 40, 12, 56, 48, 64, 12, 38, 64, 32, 4, 76, 8, 66, 34, 14, 72, 26, 36, 28]
The normal list testing: [56, 30, 50, 72, 20, 4, 34, 74, 74, 26, 2, 76, 36, 18, 46, 62, 34, 74, 34, 2, 32, 18, 56, 62, 56, 30, 52, 24, 34, 54, 70, 40, 12, 56, 48, 64, 12, 38, 64, 32, 4, 76, 8, 66, 34, 14, 72, 26, 36, 28]
The normal list testing: [56, 30, 50, 72, 20, 4, 34, 74, 74, 26, 2, 76, 36, 18, 46, 62, 34, 74, 34, 2, 32, 18, 56, 62, 56, 30, 52, 24, 34, 54, 70, 40, 12, 56, 48, 64, 12, 38, 64, 32, 4, 76, 8, 66, 34, 14, 72, 26, 36, 28]
The normal list testing: [56, 30, 50, 72, 20, 4, 34, 74, 74, 26, 2, 76, 36, 18, 46, 62, 34, 74, 34, 2, 32, 18, 56, 62, 56, 30, 52, 24, 34, 54, 70, 40, 12, 56, 48, 64, 12, 38, 64, 32, 4, 76, 8, 66, 34, 14, 72, 26, 36, 28, 32]
The normal list testing: [56, 30, 50, 72, 20, 4, 34, 74, 74, 26, 2, 76, 36, 18, 46, 62, 34, 74, 34, 2, 32, 18, 56, 62, 56, 30, 52, 24, 34, 54, 70, 40, 12, 56, 48, 64, 12, 38, 64, 32, 4, 76, 8, 66, 34, 14, 72, 26, 36, 28, 32, 2]
The normal list testing: [56, 30, 50, 72, 20, 4, 34, 74, 74, 26, 2, 76, 36, 18, 46, 62, 34, 74, 34, 2, 32, 18, 56, 62, 56, 30, 52, 24, 34, 54, 70, 40, 12, 56, 48, 64, 12, 38, 64, 32, 4, 76, 8, 66, 34, 14, 72, 26, 36, 28, 32, 2]
The normal list testing: [56, 30, 50, 72, 20, 4, 34, 74, 74, 26, 2, 76, 36, 18, 46, 62, 34, 74, 34, 2, 32, 18, 56, 62, 56, 30, 52, 24, 34, 54, 70, 40, 12, 56, 48, 64, 12, 38, 64, 32, 4, 76, 8, 66, 34, 14, 72, 26, 36, 28, 32, 2]
The normal list testing: [56, 30, 50, 72, 20, 4, 34, 74, 74, 26, 2, 76, 36, 18, 46, 62, 34, 74, 34, 2, 32, 18, 56, 62, 56, 30, 52, 24, 34, 54, 70, 40, 12, 56, 48, 64, 12, 38, 64, 32, 4, 76, 8, 66, 34, 14, 72, 26, 36, 28, 32, 2]
The normal list testing: [56, 30, 50, 72, 20, 4, 34, 74, 74, 26, 2, 76, 36, 18, 46, 62, 34, 74, 34, 2, 32, 18, 56, 62, 56, 30, 52, 24, 34, 54, 70, 40, 12, 56, 48, 64, 12, 38, 64, 32, 4, 76, 8, 66, 34, 14, 72, 26, 36, 28, 32, 2]
The normal list testing: [56, 30, 50, 72, 20, 4, 34, 74, 74, 26, 2, 76, 36, 18, 46, 62, 34, 74, 34, 2, 32, 18, 56, 62, 56, 30, 52, 24, 34, 54, 70, 40, 12, 56, 48, 64, 12, 38, 64, 32, 4, 76, 8, 66, 34, 14, 72, 26, 36, 28, 32, 2]
The normal list testing: [56, 30, 50, 72, 20, 4, 34, 74, 74, 26, 2, 76, 36, 18, 46, 62, 34, 74, 34, 2, 32, 18, 56, 62, 56, 30, 52, 24, 34, 54, 70, 40, 12, 56, 48, 64, 12, 38, 64, 32, 4, 76, 8, 66, 34, 14, 72, 26, 36, 28, 32, 2]
The normal list testing: [56, 30, 50, 72, 20, 4, 34, 74, 74, 26, 2, 76, 36, 18, 46, 62, 34, 74, 34, 2, 32, 18, 56, 62, 56, 30, 52, 24, 34, 54, 70, 40, 12, 56, 48, 64, 12, 38, 64, 32, 4, 76, 8, 66, 34, 14, 72, 26, 36, 28, 32, 2]
The normal list testing: [56, 30, 50, 72, 20, 4, 34, 74, 74, 26, 2, 76, 36, 18, 46, 62, 34, 74, 34, 2, 32, 18, 56, 62, 56, 30, 52, 24, 34, 54, 70, 40, 12, 56, 48, 64, 12, 38, 64, 32, 4, 76, 8, 66, 34, 14, 72, 26, 36, 28, 32, 2, 6]
The normal list testing: [56, 30, 50, 72, 20, 4, 34, 74, 74, 26, 2, 76, 36, 18, 46, 62, 34, 74, 34, 2, 32, 18, 56, 62, 56, 30, 52, 24, 34, 54, 70, 40, 12, 56, 48, 64, 12, 38, 64, 32, 4, 76, 8, 66, 34, 14, 72, 26, 36, 28, 32, 2, 6]
The normal list testing: [56, 30, 50, 72, 20, 4, 34, 74, 74, 26, 2, 76, 36, 18, 46, 62, 34, 74, 34, 2, 32, 18, 56, 62, 56, 30, 52, 24, 34, 54, 70, 40, 12, 56, 48, 64, 12, 38, 64, 32, 4, 76, 8, 66, 34, 14, 72, 26, 36, 28, 32, 2, 6]
The normal list testing: [56, 30, 50, 72, 20, 4, 34, 74, 74, 26, 2, 76, 36, 18, 46, 62, 34, 74, 34, 2, 32, 18, 56, 62, 56, 30, 52, 24, 34, 54, 70, 40, 12, 56, 48, 64, 12, 38, 64, 32, 4, 76, 8, 66, 34, 14, 72, 26, 36, 28, 32, 2, 6, 18]
Test Case: END
]]></system-out>
  <system-err><![CDATA[]]></system-err>
</testsuite>
