<?xml version="1.0" encoding="UTF-8"?>
<testsuite name="com.kodilla.testing.forum.ForumTestSuite" tests="2" skipped="0" failures="0" errors="0" timestamp="2019-04-23T12:42:13" hostname="DESKTOP-9H1DPLC" time="0.003">
  <properties/>
  <testcase name="testCaseRealName" classname="com.kodilla.testing.forum.ForumTestSuite" time="0.002"/>
  <testcase name="testCaseUsername" classname="com.kodilla.testing.forum.ForumTestSuite" time="0.001"/>
  <system-out><![CDATA[Test Suite: BEGIN
Test Case: BEGIN
Testing: John Smith
Test Case: END
Test Case: BEGIN
Testing: theForumUser
Test Case: END
Test Suite: END
]]></system-out>
  <system-err><![CDATA[]]></system-err>
</testsuite>
