<?xml version="1.0" encoding="UTF-8"?>
<testsuite name="com.kodilla.patterns.singleton.factory.TaskFactoryTestSuite" tests="3" skipped="0" failures="0" errors="0" timestamp="2019-05-29T13:27:33" hostname="DESKTOP-9H1DPLC" time="0.01">
  <properties/>
  <testcase name="testCreatingShoppingTask" classname="com.kodilla.patterns.singleton.factory.TaskFactoryTestSuite" time="0.006"/>
  <testcase name="testCreatingPaintingTask" classname="com.kodilla.patterns.singleton.factory.TaskFactoryTestSuite" time="0.001"/>
  <testcase name="testCreatingDrivingTask" classname="com.kodilla.patterns.singleton.factory.TaskFactoryTestSuite" time="0.001"/>
  <system-out><![CDATA[]]></system-out>
  <system-err><![CDATA[]]></system-err>
</testsuite>
