<?xml version="1.0" encoding="UTF-8"?>
<testsuite name="com.kodilla.patterns.singleton.strategy.CustomerTestSuite" tests="2" skipped="0" failures="0" errors="0" timestamp="2019-05-29T10:06:20" hostname="DESKTOP-9H1DPLC" time="0.007">
  <properties/>
  <testcase name="testIndividualInvestingStrategy" classname="com.kodilla.patterns.singleton.strategy.CustomerTestSuite" time="0.004"/>
  <testcase name="testDefaultInvestingStrategies" classname="com.kodilla.patterns.singleton.strategy.CustomerTestSuite" time="0.002"/>
  <system-out><![CDATA[Steven should: [Conservative predictor] Buy debentures of XYZ
Steven now should: [Aggressive predictor] Buy stock of XYZ
Steven should: [Conservative predictor] Buy debentures of XYZ
John should: [Aggressive predictor] Buy stock of XYZ
Kodilla should: [Balanced predictor] Buy shared units of Fund XYZ
]]></system-out>
  <system-err><![CDATA[]]></system-err>
</testsuite>
