<?xml version="1.0" encoding="UTF-8"?>
<testsuite name="shape.DrawerTestSuite" tests="2" skipped="0" failures="0" errors="0" timestamp="2019-04-23T12:42:09" hostname="DESKTOP-9H1DPLC" time="0.008">
  <properties/>
  <testcase name="testDoDrawingWithTriangle" classname="shape.DrawerTestSuite" time="0.006"/>
  <testcase name="testDoDrawingWithCircle" classname="shape.DrawerTestSuite" time="0.001"/>
  <system-out><![CDATA[This is a triangle
This is a circle
]]></system-out>
  <system-err><![CDATA[]]></system-err>
</testsuite>
